c:\users\arnol\desktop\digipen sem 2\cs 500\proj5\cs500-master\release\vc141.pdb
c:\users\arnol\desktop\digipen sem 2\cs 500\proj5\cs500-master\release\shape.obj
c:\users\arnol\desktop\digipen sem 2\cs 500\proj5\cs500-master\release\rgbe.obj
c:\users\arnol\desktop\digipen sem 2\cs 500\proj5\cs500-master\release\readassimpfile.obj
c:\users\arnol\desktop\digipen sem 2\cs 500\proj5\cs500-master\release\raytrace.obj
c:\users\arnol\desktop\digipen sem 2\cs 500\proj5\cs500-master\release\material.obj
c:\users\arnol\desktop\digipen sem 2\cs 500\proj5\cs500-master\release\geom.obj
c:\users\arnol\desktop\digipen sem 2\cs 500\proj5\cs500-master\release\main.obj
c:\users\arnol\desktop\digipen sem 2\cs 500\proj5\cs500-master\release\minimizer.obj
c:\users\arnol\desktop\digipen sem 2\cs 500\proj5\cs500-master\release\camera.obj
c:\users\arnol\desktop\digipen sem 2\cs 500\proj5\cs500-master\release\raytrace.exe
c:\users\arnol\desktop\digipen sem 2\cs 500\proj5\cs500-master\release\raytrace.pdb
c:\users\arnol\desktop\digipen sem 2\cs 500\proj5\cs500-master\release\raytrace.ipdb
c:\users\arnol\desktop\digipen sem 2\cs 500\proj5\cs500-master\release\raytrace.iobj
d:\digipen sem 2\cs 500\proj5\cs500-master\release\camera.obj
d:\digipen sem 2\cs 500\proj5\cs500-master\release\geom.obj
d:\digipen sem 2\cs 500\proj5\cs500-master\release\main.obj
d:\digipen sem 2\cs 500\proj5\cs500-master\release\material.obj
d:\digipen sem 2\cs 500\proj5\cs500-master\release\minimizer.obj
d:\digipen sem 2\cs 500\proj5\cs500-master\release\raytrace.obj
d:\digipen sem 2\cs 500\proj5\cs500-master\release\readassimpfile.obj
d:\digipen sem 2\cs 500\proj5\cs500-master\release\rgbe.obj
d:\digipen sem 2\cs 500\proj5\cs500-master\release\shape.obj
d:\digipen sem 2\cs 500\proj5\cs500-master\release\raytrace.ipdb
d:\digipen sem 2\cs 500\proj5\cs500-master\release\raytrace.iobj
d:\digipen sem 2\cs 500\proj5\cs500-master\release\raytrace.pdb
d:\digipen sem 2\cs 500\proj5\cs500-master\release\vc141.pdb
d:\digipen sem 2\cs 500\proj5\cs500-master\release\raytrace.exe
d:\digipen sem 2\cs 500\proj5\cs500-master\release\raytrace.tlog\cl.command.1.tlog
d:\digipen sem 2\cs 500\proj5\cs500-master\release\raytrace.tlog\cl.read.1.tlog
d:\digipen sem 2\cs 500\proj5\cs500-master\release\raytrace.tlog\cl.write.1.tlog
d:\digipen sem 2\cs 500\proj5\cs500-master\release\raytrace.tlog\link.command.1.tlog
d:\digipen sem 2\cs 500\proj5\cs500-master\release\raytrace.tlog\link.read.1.tlog
d:\digipen sem 2\cs 500\proj5\cs500-master\release\raytrace.tlog\link.write.1.tlog
d:\digipen sem 2\cs 500\proj5\cs500-master\release\raytrace.tlog\raytrace.write.1u.tlog
